  Assembling SteganographyAsm.asm...
SteganographyAsm.asm(2): error A2013: .MODEL must precede this directive
SteganographyAsm.asm(6): error A2034: must be in segment block : checkMMXCapability
SteganographyAsm.asm(7): error A2034: must be in segment block
SteganographyAsm.asm(8): error A2008: syntax error : pushfq
SteganographyAsm.asm(9): error A2034: must be in segment block
SteganographyAsm.asm(10): error A2034: must be in segment block
SteganographyAsm.asm(11): error A2034: must be in segment block
SteganographyAsm.asm(12): error A2034: must be in segment block
SteganographyAsm.asm(13): error A2008: syntax error : popfq
SteganographyAsm.asm(14): error A2008: syntax error : pushfq
SteganographyAsm.asm(15): error A2034: must be in segment block
SteganographyAsm.asm(16): error A2034: must be in segment block
SteganographyAsm.asm(17): error A2034: must be in segment block
SteganographyAsm.asm(19): error A2034: must be in segment block
SteganographyAsm.asm(20): error A2034: must be in segment block
SteganographyAsm.asm(21): error A2034: must be in segment block
SteganographyAsm.asm(22): error A2034: must be in segment block
SteganographyAsm.asm(23): error A2034: must be in segment block
SteganographyAsm.asm(24): error A2034: must be in segment block
SteganographyAsm.asm(25): error A2034: must be in segment block
SteganographyAsm.asm(27): error A2034: must be in segment block
SteganographyAsm.asm(28): error A2034: must be in segment block
SteganographyAsm.asm(29): error A2034: must be in segment block
SteganographyAsm.asm(30): error A2034: must be in segment block
SteganographyAsm.asm(31): fatal error A1010: unmatched block nesting : CheckMMXCapability
C:\Program Files (x86)\Microsoft Visual Studio\2019\Community\MSBuild\Microsoft\VC\v160\BuildCustomizations\masm.targets(70,5): error MSB3721: Polecenie ml.exe /c /nologo /Zi /Fo"Debug\SteganographyAsm.obj" /W3 /errorReport:prompt  /TaSteganographyAsm.asm zostało zakończone; kod błędu: 1.
